<?xml version="1.0" encoding="UTF-8"?>
<robot generator="Robot 7.3.2 (Python 3.13.2 on win32)" generated="2025-09-07T22:45:13.569743" rpa="false" schemaversion="5">
<suite id="s1" name="Login Test" source="c:\Users\Grxxn\robot_demo\Train\login_test.robot">
<test id="s1-t1" name="Login Successful" line="6">
<kw name="Open App" owner="common">
<kw name="Open Browser" owner="SeleniumLibrary">
<msg time="2025-09-07T22:45:13.725939" level="INFO">Opening browser 'chrome' to base url 'https://opensource-demo.orangehrmlive.com/'.</msg>
<arg>${BASE_URL}</arg>
<arg>${BROWSER}</arg>
<doc>Opens a new browser instance to the optional ``url``.</doc>
<status status="PASS" start="2025-09-07T22:45:13.725615" elapsed="4.582754"/>
</kw>
<kw name="Maximize Browser Window" owner="SeleniumLibrary">
<doc>Maximizes current browser window.</doc>
<status status="PASS" start="2025-09-07T22:45:18.308717" elapsed="0.028913"/>
</kw>
<kw name="Set Selenium Speed" owner="SeleniumLibrary">
<arg>0.2</arg>
<doc>Sets the delay that is waited after each Selenium command.</doc>
<status status="PASS" start="2025-09-07T22:45:18.337844" elapsed="0.000222"/>
</kw>
<status status="PASS" start="2025-09-07T22:45:13.725012" elapsed="4.613156"/>
</kw>
<kw name="Login As Admin" owner="common">
<kw name="Wait Until Element Is Visible" owner="SeleniumLibrary">
<arg>name=username</arg>
<arg>10s</arg>
<doc>Waits until the element ``locator`` is visible.</doc>
<status status="PASS" start="2025-09-07T22:45:18.338840" elapsed="0.823698"/>
</kw>
<kw name="Input Text" owner="SeleniumLibrary">
<msg time="2025-09-07T22:45:19.163742" level="INFO">Typing text 'Admin' into text field 'name=username'.</msg>
<arg>name=username</arg>
<arg>${USERNAME}</arg>
<doc>Types the given ``text`` into the text field identified by ``locator``.</doc>
<status status="PASS" start="2025-09-07T22:45:19.163109" elapsed="0.652085"/>
</kw>
<kw name="Input Text" owner="SeleniumLibrary">
<msg time="2025-09-07T22:45:19.816957" level="INFO">Typing text 'admin123' into text field 'name=password'.</msg>
<arg>name=password</arg>
<arg>${PASSWORD}</arg>
<doc>Types the given ``text`` into the text field identified by ``locator``.</doc>
<status status="PASS" start="2025-09-07T22:45:19.815997" elapsed="0.674960"/>
</kw>
<kw name="Click Button" owner="SeleniumLibrary">
<msg time="2025-09-07T22:45:20.492514" level="INFO">Clicking button 'css=button[type="submit"]'.</msg>
<arg>css=button[type="submit"]</arg>
<doc>Clicks the button identified by ``locator``.</doc>
<status status="PASS" start="2025-09-07T22:45:20.491752" elapsed="1.050274"/>
</kw>
<status status="PASS" start="2025-09-07T22:45:18.338558" elapsed="3.203651"/>
</kw>
<kw name="Should See Dashboard" owner="common">
<kw name="Wait Until Element Is Visible" owner="SeleniumLibrary">
<arg>${DASHBOARD_H1}</arg>
<arg>10s</arg>
<doc>Waits until the element ``locator`` is visible.</doc>
<status status="PASS" start="2025-09-07T22:45:21.542873" elapsed="1.813520"/>
</kw>
<kw name="Page Should Contain" owner="SeleniumLibrary">
<msg time="2025-09-07T22:45:23.772013" level="INFO">Current page contains text 'Dashboard'.</msg>
<arg>Dashboard</arg>
<doc>Verifies that current page contains ``text``.</doc>
<status status="PASS" start="2025-09-07T22:45:23.356641" elapsed="0.416042"/>
</kw>
<status status="PASS" start="2025-09-07T22:45:21.542577" elapsed="2.230471"/>
</kw>
<kw name="Close App" owner="common" type="TEARDOWN">
<kw name="Close All Browsers" owner="SeleniumLibrary">
<doc>Closes all open browsers and resets the browser cache.</doc>
<status status="PASS" start="2025-09-07T22:45:23.774553" elapsed="2.322935"/>
</kw>
<status status="PASS" start="2025-09-07T22:45:23.773866" elapsed="2.324238"/>
</kw>
<status status="PASS" start="2025-09-07T22:45:13.724361" elapsed="12.374855"/>
</test>
<status status="PASS" start="2025-09-07T22:45:13.573032" elapsed="12.529011"/>
</suite>
<statistics>
<total>
<stat pass="1" fail="0" skip="0">All Tests</stat>
</total>
<tag>
</tag>
<suite>
<stat name="Login Test" id="s1" pass="1" fail="0" skip="0">Login Test</stat>
</suite>
</statistics>
<errors>
</errors>
</robot>
