<?xml version="1.0" encoding="UTF-8"?>
<robot generator="Robot 7.3.2 (Python 3.13.2 on win32)" generated="2025-09-07T22:55:28.939044" rpa="false" schemaversion="5">
<suite id="s1" name="Login Test" source="C:\Users\Grxxn\robot_demo\Train\login_test.robot">
<test id="s1-t1" name="Login Successful" line="6">
<kw name="Open App" owner="common">
<kw name="Open Browser" owner="SeleniumLibrary">
<msg time="2025-09-07T22:55:29.092378" level="INFO">Opening browser 'chrome' to base url 'https://opensource-demo.orangehrmlive.com/'.</msg>
<arg>${BASE_URL}</arg>
<arg>${BROWSER}</arg>
<doc>Opens a new browser instance to the optional ``url``.</doc>
<status status="PASS" start="2025-09-07T22:55:29.092200" elapsed="14.589458"/>
</kw>
<kw name="Maximize Browser Window" owner="SeleniumLibrary">
<doc>Maximizes current browser window.</doc>
<status status="PASS" start="2025-09-07T22:55:43.681844" elapsed="0.031519"/>
</kw>
<kw name="Set Selenium Speed" owner="SeleniumLibrary">
<arg>0.2</arg>
<doc>Sets the delay that is waited after each Selenium command.</doc>
<status status="PASS" start="2025-09-07T22:55:43.713512" elapsed="0.000171"/>
</kw>
<status status="PASS" start="2025-09-07T22:55:29.091727" elapsed="14.622018"/>
</kw>
<kw name="Login As Admin" owner="common">
<kw name="Wait Until Element Is Visible" owner="SeleniumLibrary">
<arg>name=username</arg>
<arg>10s</arg>
<doc>Waits until the element ``locator`` is visible.</doc>
<status status="PASS" start="2025-09-07T22:55:43.714167" elapsed="2.886439"/>
</kw>
<kw name="Input Text" owner="SeleniumLibrary">
<msg time="2025-09-07T22:55:46.600984" level="INFO">Typing text 'Admin' into text field 'name=username'.</msg>
<arg>name=username</arg>
<arg>${USERNAME}</arg>
<doc>Types the given ``text`` into the text field identified by ``locator``.</doc>
<status status="PASS" start="2025-09-07T22:55:46.600770" elapsed="0.659491"/>
</kw>
<kw name="Input Text" owner="SeleniumLibrary">
<msg time="2025-09-07T22:55:47.261598" level="INFO">Typing text 'admin123' into text field 'name=password'.</msg>
<arg>name=password</arg>
<arg>${PASSWORD}</arg>
<doc>Types the given ``text`` into the text field identified by ``locator``.</doc>
<status status="PASS" start="2025-09-07T22:55:47.260861" elapsed="0.692487"/>
</kw>
<kw name="Click Button" owner="SeleniumLibrary">
<msg time="2025-09-07T22:55:47.953765" level="INFO">Clicking button 'css=button[type="submit"]'.</msg>
<arg>css=button[type="submit"]</arg>
<doc>Clicks the button identified by ``locator``.</doc>
<status status="PASS" start="2025-09-07T22:55:47.953551" elapsed="1.053013"/>
</kw>
<status status="PASS" start="2025-09-07T22:55:43.713983" elapsed="5.292750"/>
</kw>
<kw name="Should See Dashboard" owner="common">
<kw name="Wait Until Element Is Visible" owner="SeleniumLibrary">
<arg>${DASHBOARD_H1}</arg>
<arg>10s</arg>
<doc>Waits until the element ``locator`` is visible.</doc>
<status status="PASS" start="2025-09-07T22:55:49.007388" elapsed="1.782051"/>
</kw>
<kw name="Page Should Contain" owner="SeleniumLibrary">
<msg time="2025-09-07T22:55:51.246302" level="INFO">Current page contains text 'Dashboard'.</msg>
<arg>Dashboard</arg>
<doc>Verifies that current page contains ``text``.</doc>
<status status="PASS" start="2025-09-07T22:55:50.790002" elapsed="0.456587"/>
</kw>
<status status="PASS" start="2025-09-07T22:55:49.007178" elapsed="2.239693"/>
</kw>
<kw name="Test Search" owner="common">
<kw name="Click Element" owner="SeleniumLibrary">
<msg time="2025-09-07T22:55:51.248856" level="INFO">Clicking element 'css=input[placeholder="Search"]'.</msg>
<arg>css=input[placeholder="Search"]</arg>
<doc>Click the element identified by ``locator``.</doc>
<status status="PASS" start="2025-09-07T22:55:51.248386" elapsed="0.442582"/>
</kw>
<kw name="Input Text" owner="SeleniumLibrary">
<msg time="2025-09-07T22:55:51.691930" level="INFO">Typing text 'Admin' into text field 'css=input[placeholder="Search"]'.</msg>
<arg>css=input[placeholder="Search"]</arg>
<arg>${search_term}</arg>
<doc>Types the given ``text`` into the text field identified by ``locator``.</doc>
<status status="PASS" start="2025-09-07T22:55:51.691369" elapsed="0.650760"/>
</kw>
<kw name="Press Keys" owner="SeleniumLibrary">
<msg time="2025-09-07T22:55:52.342610" level="INFO">Sending key(s) ('RETURN',) to css=input[placeholder="Search"] element.</msg>
<msg time="2025-09-07T22:55:53.024333" level="INFO">Pressing special key RETURN to element.</msg>
<msg time="2025-09-07T22:55:53.024415" level="INFO">Releasing special key RETURN.</msg>
<arg>css=input[placeholder="Search"]</arg>
<arg>RETURN</arg>
<doc>Simulates the user pressing key(s) to an element or on the active browser.</doc>
<status status="PASS" start="2025-09-07T22:55:52.342303" elapsed="0.886044"/>
</kw>
<kw name="Wait Until Page Contains" owner="SeleniumLibrary">
<arg>${search_term}</arg>
<arg>5s</arg>
<doc>Waits until ``text`` appears on the current page.</doc>
<status status="PASS" start="2025-09-07T22:55:53.228523" elapsed="0.213189"/>
</kw>
<status status="PASS" start="2025-09-07T22:55:51.247696" elapsed="2.194271"/>
</kw>
<kw name="Close App" owner="common" type="TEARDOWN">
<kw name="Close All Browsers" owner="SeleniumLibrary">
<doc>Closes all open browsers and resets the browser cache.</doc>
<status status="PASS" start="2025-09-07T22:55:53.443295" elapsed="2.325220"/>
</kw>
<status status="PASS" start="2025-09-07T22:55:53.442689" elapsed="2.326228"/>
</kw>
<status status="PASS" start="2025-09-07T22:55:29.091172" elapsed="26.678424"/>
</test>
<status status="PASS" start="2025-09-07T22:55:28.939929" elapsed="26.832353"/>
</suite>
<statistics>
<total>
<stat pass="1" fail="0" skip="0">All Tests</stat>
</total>
<tag>
</tag>
<suite>
<stat name="Login Test" id="s1" pass="1" fail="0" skip="0">Login Test</stat>
</suite>
</statistics>
<errors>
</errors>
</robot>
